{"level":"debug","msg":"HERTZ: Method=POST   absolutePath=/api/v1/user/change-password --\u003e handlerName=resume-resolving/internal/app/web/handler/user.UserChangePassword (num=3 handlers)","time":"2023-07-08T23:43:30+08:00"}
{"level":"debug","msg":"HERTZ: Method=GET    absolutePath=/api/v1/user/get          --\u003e handlerName=resume-resolving/internal/app/web/handler/user.GetUserByName (num=3 handlers)","time":"2023-07-08T23:43:30+08:00"}
{"level":"debug","msg":"HERTZ: Method=GET    absolutePath=/api/v1/user/get-hr       --\u003e handlerName=resume-resolving/internal/app/web/handler/user.GetHRByName (num=3 handlers)","time":"2023-07-08T23:43:30+08:00"}
{"level":"debug","msg":"HERTZ: Method=GET    absolutePath=/api/v1/user/gets-department --\u003e handlerName=resume-resolving/internal/app/web/handler/user.GetHRByDepartment (num=3 handlers)","time":"2023-07-08T23:43:30+08:00"}
{"level":"debug","msg":"HERTZ: Method=POST   absolutePath=/api/v1/user/hr-delete    --\u003e handlerName=resume-resolving/internal/app/web/handler/user.HRDelete (num=3 handlers)","time":"2023-07-08T23:43:30+08:00"}
{"level":"debug","msg":"HERTZ: Method=POST   absolutePath=/api/v1/user/hr-register  --\u003e handlerName=resume-resolving/internal/app/web/handler/user.HRRegister (num=3 handlers)","time":"2023-07-08T23:43:30+08:00"}
{"level":"debug","msg":"HERTZ: Method=POST   absolutePath=/api/v1/user/register     --\u003e handlerName=resume-resolving/internal/app/web/handler/user.UserRegister (num=3 handlers)","time":"2023-07-08T23:43:30+08:00"}
{"level":"debug","msg":"HERTZ: Method=GET    absolutePath=/api/v1/resume/get-id     --\u003e handlerName=resume-resolving/internal/app/web/handler/resume.GetResumeById (num=3 handlers)","time":"2023-07-08T23:43:30+08:00"}
{"level":"debug","msg":"HERTZ: Method=GET    absolutePath=/api/v1/resume/gets-post  --\u003e handlerName=resume-resolving/internal/app/web/handler/resume.GetResumeByPost (num=3 handlers)","time":"2023-07-08T23:43:30+08:00"}
{"level":"debug","msg":"HERTZ: Method=POST   absolutePath=/api/v1/resume/upload     --\u003e handlerName=resume-resolving/internal/app/web/handler/resume.UploadStructResume (num=3 handlers)","time":"2023-07-08T23:43:30+08:00"}
{"level":"debug","msg":"HERTZ: Method=POST   absolutePath=/api/v1/resume/upload-file --\u003e handlerName=resume-resolving/internal/app/web/handler/resume.UploadResumeFile (num=3 handlers)","time":"2023-07-08T23:43:30+08:00"}
{"level":"debug","msg":"HERTZ: Method=POST   absolutePath=/api/v1/post/append       --\u003e handlerName=resume-resolving/internal/app/web/handler/post.AppendPost (num=3 handlers)","time":"2023-07-08T23:43:30+08:00"}
{"level":"debug","msg":"HERTZ: Method=POST   absolutePath=/api/v1/post/collect      --\u003e handlerName=resume-resolving/internal/app/web/handler/post.CollectPost (num=3 handlers)","time":"2023-07-08T23:43:30+08:00"}
{"level":"debug","msg":"HERTZ: Method=POST   absolutePath=/api/v1/post/delete       --\u003e handlerName=resume-resolving/internal/app/web/handler/post.DeletePost (num=3 handlers)","time":"2023-07-08T23:43:30+08:00"}
{"level":"debug","msg":"HERTZ: Method=POST   absolutePath=/api/v1/post/delivery     --\u003e handlerName=resume-resolving/internal/app/web/handler/post.DeliveryPost (num=3 handlers)","time":"2023-07-08T23:43:30+08:00"}
{"level":"debug","msg":"HERTZ: Method=GET    absolutePath=/api/v1/post/get-collect  --\u003e handlerName=resume-resolving/internal/app/web/handler/post.GetCollectPost (num=3 handlers)","time":"2023-07-08T23:43:30+08:00"}
{"level":"debug","msg":"HERTZ: Method=GET    absolutePath=/api/v1/post/get-delivery --\u003e handlerName=resume-resolving/internal/app/web/handler/post.GetDeliveryPost (num=3 handlers)","time":"2023-07-08T23:43:30+08:00"}
{"level":"debug","msg":"HERTZ: Method=GET    absolutePath=/api/v1/post/gets-hr      --\u003e handlerName=resume-resolving/internal/app/web/handler/post.GetsPostInHR (num=3 handlers)","time":"2023-07-08T23:43:30+08:00"}
{"level":"debug","msg":"HERTZ: Method=POST   absolutePath=/api/v1/post/gets-user    --\u003e handlerName=resume-resolving/internal/app/web/handler/post.GetsPostInUser (num=3 handlers)","time":"2023-07-08T23:43:30+08:00"}
{"level":"debug","msg":"HERTZ: Method=POST   absolutePath=/api/v1/post/update       --\u003e handlerName=resume-resolving/internal/app/web/handler/post.UpdatePost (num=3 handlers)","time":"2023-07-08T23:43:30+08:00"}
{"level":"debug","msg":"HERTZ: Method=POST   absolutePath=/api/v1/post/update-resume --\u003e handlerName=resume-resolving/internal/app/web/handler/post.UpdateResumeStatus (num=3 handlers)","time":"2023-07-08T23:43:30+08:00"}
{"level":"debug","msg":"HERTZ: Method=POST   absolutePath=/api/v1/department/append --\u003e handlerName=resume-resolving/internal/app/web/handler/department.AppendDepartment (num=3 handlers)","time":"2023-07-08T23:43:30+08:00"}
{"level":"debug","msg":"HERTZ: Method=POST   absolutePath=/api/v1/department/delete --\u003e handlerName=resume-resolving/internal/app/web/handler/department.DeleteDepartment (num=3 handlers)","time":"2023-07-08T23:43:30+08:00"}
{"level":"debug","msg":"HERTZ: Method=GET    absolutePath=/api/v1/department/gets   --\u003e handlerName=resume-resolving/internal/app/web/handler/department.GetsDepartment (num=3 handlers)","time":"2023-07-08T23:43:30+08:00"}
{"level":"debug","msg":"HERTZ: Method=POST   absolutePath=/api/v1/department/update --\u003e handlerName=resume-resolving/internal/app/web/handler/department.UpdateDepartment (num=3 handlers)","time":"2023-07-08T23:43:30+08:00"}
{"level":"debug","msg":"HERTZ: Method=POST   absolutePath=/api/v1/department/city/append --\u003e handlerName=resume-resolving/internal/app/web/handler/department.AppendCity (num=3 handlers)","time":"2023-07-08T23:43:30+08:00"}
{"level":"debug","msg":"HERTZ: Method=POST   absolutePath=/api/v1/department/city/delete --\u003e handlerName=resume-resolving/internal/app/web/handler/department.DeleteCity (num=3 handlers)","time":"2023-07-08T23:43:30+08:00"}
{"level":"debug","msg":"HERTZ: Method=GET    absolutePath=/api/v1/department/city/gets --\u003e handlerName=resume-resolving/internal/app/web/handler/department.GetsCity (num=3 handlers)","time":"2023-07-08T23:43:30+08:00"}
{"level":"debug","msg":"HERTZ: Method=GET    absolutePath=/api/v1/department/city/gets-department --\u003e handlerName=resume-resolving/internal/app/web/handler/department.GetsCityByDepartment (num=3 handlers)","time":"2023-07-08T23:43:30+08:00"}
{"level":"debug","msg":"HERTZ: Method=POST   absolutePath=/api/v1/post-category/append --\u003e handlerName=resume-resolving/internal/app/web/handler/post_category.AppendPostCategory (num=3 handlers)","time":"2023-07-08T23:43:30+08:00"}
{"level":"debug","msg":"HERTZ: Method=POST   absolutePath=/api/v1/post-category/delete --\u003e handlerName=resume-resolving/internal/app/web/handler/post_category.DeletePostCategory (num=3 handlers)","time":"2023-07-08T23:43:30+08:00"}
{"level":"debug","msg":"HERTZ: Method=GET    absolutePath=/api/v1/post-category/gets --\u003e handlerName=resume-resolving/internal/app/web/handler/post_category.GetsPostCategory (num=3 handlers)","time":"2023-07-08T23:43:30+08:00"}
{"level":"debug","msg":"HERTZ: Method=POST   absolutePath=/api/v1/post-category/update --\u003e handlerName=resume-resolving/internal/app/web/handler/post_category.UpdatePostCategory (num=3 handlers)","time":"2023-07-08T23:43:30+08:00"}
{"level":"debug","msg":"HERTZ: Method=GET    absolutePath=/ping                     --\u003e handlerName=resume-resolving/internal/app/web/handler.Ping (num=3 handlers)","time":"2023-07-08T23:43:30+08:00"}
{"level":"debug","msg":"HERTZ: Method=POST   absolutePath=/api/v1/user/login        --\u003e handlerName=github.com/hertz-contrib/jwt.(*HertzJWTMiddleware).LoginHandler-fm (num=3 handlers)","time":"2023-07-08T23:43:30+08:00"}
{"level":"debug","msg":"HERTZ: Method=GET    absolutePath=/api/v1/user/refresh_token --\u003e handlerName=github.com/hertz-contrib/jwt.(*HertzJWTMiddleware).RefreshHandler-fm (num=3 handlers)","time":"2023-07-08T23:43:30+08:00"}
{"level":"info","msg":"HERTZ: Using network library=standard","time":"2023-07-08T23:43:30+08:00"}
{"level":"info","msg":"HERTZ: HERTZ: HTTP server listening on address=[::]:8888","time":"2023-07-08T23:43:30+08:00"}
{"level":"info","msg":"HERTZ: Received signal: interrupt\n","time":"2023-07-08T23:44:55+08:00"}
{"level":"info","msg":"HERTZ: Begin graceful shutdown, wait at most num=5 seconds...","time":"2023-07-08T23:44:55+08:00"}
{"level":"error","msg":"HERTZ: Error=accept tcp [::]:8888: use of closed network connection","time":"2023-07-08T23:44:55+08:00"}
{"level":"info","msg":"HERTZ: Execute OnShutdownHooks finish","time":"2023-07-08T23:45:00+08:00"}
{"level":"debug","msg":"HERTZ: Method=POST   absolutePath=/api/v1/user/change-password --\u003e handlerName=resume-resolving/internal/app/web/handler/user.UserChangePassword (num=3 handlers)","time":"2023-07-08T23:55:50+08:00"}
{"level":"debug","msg":"HERTZ: Method=GET    absolutePath=/api/v1/user/get          --\u003e handlerName=resume-resolving/internal/app/web/handler/user.GetUserByName (num=3 handlers)","time":"2023-07-08T23:55:50+08:00"}
{"level":"debug","msg":"HERTZ: Method=GET    absolutePath=/api/v1/user/get-hr       --\u003e handlerName=resume-resolving/internal/app/web/handler/user.GetHRByName (num=3 handlers)","time":"2023-07-08T23:55:50+08:00"}
{"level":"debug","msg":"HERTZ: Method=GET    absolutePath=/api/v1/user/gets-department --\u003e handlerName=resume-resolving/internal/app/web/handler/user.GetHRByDepartment (num=3 handlers)","time":"2023-07-08T23:55:50+08:00"}
{"level":"debug","msg":"HERTZ: Method=POST   absolutePath=/api/v1/user/hr-delete    --\u003e handlerName=resume-resolving/internal/app/web/handler/user.HRDelete (num=3 handlers)","time":"2023-07-08T23:55:50+08:00"}
{"level":"debug","msg":"HERTZ: Method=POST   absolutePath=/api/v1/user/hr-register  --\u003e handlerName=resume-resolving/internal/app/web/handler/user.HRRegister (num=3 handlers)","time":"2023-07-08T23:55:50+08:00"}
{"level":"debug","msg":"HERTZ: Method=POST   absolutePath=/api/v1/user/register     --\u003e handlerName=resume-resolving/internal/app/web/handler/user.UserRegister (num=3 handlers)","time":"2023-07-08T23:55:50+08:00"}
{"level":"debug","msg":"HERTZ: Method=GET    absolutePath=/api/v1/resume/get-id     --\u003e handlerName=resume-resolving/internal/app/web/handler/resume.GetResumeById (num=3 handlers)","time":"2023-07-08T23:55:50+08:00"}
{"level":"debug","msg":"HERTZ: Method=GET    absolutePath=/api/v1/resume/gets-post  --\u003e handlerName=resume-resolving/internal/app/web/handler/resume.GetResumeByPost (num=3 handlers)","time":"2023-07-08T23:55:50+08:00"}
{"level":"debug","msg":"HERTZ: Method=POST   absolutePath=/api/v1/resume/upload     --\u003e handlerName=resume-resolving/internal/app/web/handler/resume.UploadStructResume (num=3 handlers)","time":"2023-07-08T23:55:50+08:00"}
{"level":"debug","msg":"HERTZ: Method=POST   absolutePath=/api/v1/resume/upload-file --\u003e handlerName=resume-resolving/internal/app/web/handler/resume.UploadResumeFile (num=3 handlers)","time":"2023-07-08T23:55:50+08:00"}
{"level":"debug","msg":"HERTZ: Method=POST   absolutePath=/api/v1/post/append       --\u003e handlerName=resume-resolving/internal/app/web/handler/post.AppendPost (num=3 handlers)","time":"2023-07-08T23:55:50+08:00"}
{"level":"debug","msg":"HERTZ: Method=POST   absolutePath=/api/v1/post/collect      --\u003e handlerName=resume-resolving/internal/app/web/handler/post.CollectPost (num=3 handlers)","time":"2023-07-08T23:55:50+08:00"}
{"level":"debug","msg":"HERTZ: Method=POST   absolutePath=/api/v1/post/delete       --\u003e handlerName=resume-resolving/internal/app/web/handler/post.DeletePost (num=3 handlers)","time":"2023-07-08T23:55:50+08:00"}
{"level":"debug","msg":"HERTZ: Method=POST   absolutePath=/api/v1/post/delivery     --\u003e handlerName=resume-resolving/internal/app/web/handler/post.DeliveryPost (num=3 handlers)","time":"2023-07-08T23:55:50+08:00"}
{"level":"debug","msg":"HERTZ: Method=GET    absolutePath=/api/v1/post/get-collect  --\u003e handlerName=resume-resolving/internal/app/web/handler/post.GetCollectPost (num=3 handlers)","time":"2023-07-08T23:55:50+08:00"}
{"level":"debug","msg":"HERTZ: Method=GET    absolutePath=/api/v1/post/get-delivery --\u003e handlerName=resume-resolving/internal/app/web/handler/post.GetDeliveryPost (num=3 handlers)","time":"2023-07-08T23:55:50+08:00"}
{"level":"debug","msg":"HERTZ: Method=GET    absolutePath=/api/v1/post/gets-hr      --\u003e handlerName=resume-resolving/internal/app/web/handler/post.GetsPostInHR (num=3 handlers)","time":"2023-07-08T23:55:50+08:00"}
{"level":"debug","msg":"HERTZ: Method=POST   absolutePath=/api/v1/post/gets-user    --\u003e handlerName=resume-resolving/internal/app/web/handler/post.GetsPostInUser (num=3 handlers)","time":"2023-07-08T23:55:50+08:00"}
{"level":"debug","msg":"HERTZ: Method=POST   absolutePath=/api/v1/post/update       --\u003e handlerName=resume-resolving/internal/app/web/handler/post.UpdatePost (num=3 handlers)","time":"2023-07-08T23:55:50+08:00"}
{"level":"debug","msg":"HERTZ: Method=POST   absolutePath=/api/v1/post/update-resume --\u003e handlerName=resume-resolving/internal/app/web/handler/post.UpdateResumeStatus (num=3 handlers)","time":"2023-07-08T23:55:50+08:00"}
{"level":"debug","msg":"HERTZ: Method=POST   absolutePath=/api/v1/department/append --\u003e handlerName=resume-resolving/internal/app/web/handler/department.AppendDepartment (num=3 handlers)","time":"2023-07-08T23:55:50+08:00"}
{"level":"debug","msg":"HERTZ: Method=POST   absolutePath=/api/v1/department/delete --\u003e handlerName=resume-resolving/internal/app/web/handler/department.DeleteDepartment (num=3 handlers)","time":"2023-07-08T23:55:50+08:00"}
{"level":"debug","msg":"HERTZ: Method=GET    absolutePath=/api/v1/department/gets   --\u003e handlerName=resume-resolving/internal/app/web/handler/department.GetsDepartment (num=3 handlers)","time":"2023-07-08T23:55:50+08:00"}
{"level":"debug","msg":"HERTZ: Method=POST   absolutePath=/api/v1/department/update --\u003e handlerName=resume-resolving/internal/app/web/handler/department.UpdateDepartment (num=3 handlers)","time":"2023-07-08T23:55:50+08:00"}
{"level":"debug","msg":"HERTZ: Method=POST   absolutePath=/api/v1/department/city/append --\u003e handlerName=resume-resolving/internal/app/web/handler/department.AppendCity (num=3 handlers)","time":"2023-07-08T23:55:50+08:00"}
{"level":"debug","msg":"HERTZ: Method=POST   absolutePath=/api/v1/department/city/delete --\u003e handlerName=resume-resolving/internal/app/web/handler/department.DeleteCity (num=3 handlers)","time":"2023-07-08T23:55:50+08:00"}
{"level":"debug","msg":"HERTZ: Method=GET    absolutePath=/api/v1/department/city/gets --\u003e handlerName=resume-resolving/internal/app/web/handler/department.GetsCity (num=3 handlers)","time":"2023-07-08T23:55:50+08:00"}
{"level":"debug","msg":"HERTZ: Method=GET    absolutePath=/api/v1/department/city/gets-department --\u003e handlerName=resume-resolving/internal/app/web/handler/department.GetsCityByDepartment (num=3 handlers)","time":"2023-07-08T23:55:50+08:00"}
{"level":"debug","msg":"HERTZ: Method=POST   absolutePath=/api/v1/post-category/append --\u003e handlerName=resume-resolving/internal/app/web/handler/post_category.AppendPostCategory (num=3 handlers)","time":"2023-07-08T23:55:50+08:00"}
{"level":"debug","msg":"HERTZ: Method=POST   absolutePath=/api/v1/post-category/delete --\u003e handlerName=resume-resolving/internal/app/web/handler/post_category.DeletePostCategory (num=3 handlers)","time":"2023-07-08T23:55:50+08:00"}
{"level":"debug","msg":"HERTZ: Method=GET    absolutePath=/api/v1/post-category/gets --\u003e handlerName=resume-resolving/internal/app/web/handler/post_category.GetsPostCategory (num=3 handlers)","time":"2023-07-08T23:55:50+08:00"}
{"level":"debug","msg":"HERTZ: Method=POST   absolutePath=/api/v1/post-category/update --\u003e handlerName=resume-resolving/internal/app/web/handler/post_category.UpdatePostCategory (num=3 handlers)","time":"2023-07-08T23:55:50+08:00"}
{"level":"debug","msg":"HERTZ: Method=GET    absolutePath=/ping                     --\u003e handlerName=resume-resolving/internal/app/web/handler.Ping (num=3 handlers)","time":"2023-07-08T23:55:50+08:00"}
{"level":"debug","msg":"HERTZ: Method=POST   absolutePath=/api/v1/user/login        --\u003e handlerName=github.com/hertz-contrib/jwt.(*HertzJWTMiddleware).LoginHandler-fm (num=3 handlers)","time":"2023-07-08T23:55:50+08:00"}
{"level":"debug","msg":"HERTZ: Method=GET    absolutePath=/api/v1/user/refresh_token --\u003e handlerName=github.com/hertz-contrib/jwt.(*HertzJWTMiddleware).RefreshHandler-fm (num=3 handlers)","time":"2023-07-08T23:55:50+08:00"}
{"level":"info","msg":"HERTZ: Using network library=standard","time":"2023-07-08T23:55:50+08:00"}
{"level":"info","msg":"HERTZ: HERTZ: HTTP server listening on address=[::]:8888","time":"2023-07-08T23:55:50+08:00"}
{"level":"error","msg":"hahhaa","time":"2023-07-08T23:56:17+08:00"}
{"level":"error","msg":"请求参数错误\"Syntax error at index 30: invalid char\\n\\n\\tame\\\":\\\"北京\\\",\\r\\n}\\n\\t................^\\n\"","time":"2023-07-08T23:59:18+08:00"}
{"level":"error","msg":"请求参数错误\"Syntax error at index 31: invalid char\\n\\n\\tme\\\":\\\"beijing\\\",\\r\\n}\\n\\t................^\\n\"","time":"2023-07-08T23:59:52+08:00"}
{"level":"error","msg":"请求参数错误\"Syntax error at index 30: invalid char\\n\\n\\tame\\\":\\\"北京\\\",\\r\\n}\\n\\t................^\\n\"","time":"2023-07-09T00:01:12+08:00"}
{"level":"info","msg":"HERTZ: Received signal: interrupt\n","time":"2023-07-09T00:02:15+08:00"}
{"level":"info","msg":"HERTZ: Begin graceful shutdown, wait at most num=5 seconds...","time":"2023-07-09T00:02:15+08:00"}
{"level":"error","msg":"HERTZ: Error=accept tcp [::]:8888: use of closed network connection","time":"2023-07-09T00:02:15+08:00"}
{"level":"info","msg":"HERTZ: Execute OnShutdownHooks finish","time":"2023-07-09T00:02:20+08:00"}
